#
# There is insufficient memory for the Java Runtime Environment to continue.
# Native memory allocation (malloc) failed to allocate 1048576 bytes for AllocateHeap
# Possible reasons:
#   The system is out of physical RAM or swap space
#   In 32 bit mode, the process size limit was hit
# Possible solutions:
#   Reduce memory load on the system
#   Increase physical memory or swap space
#   Check if swap backing store is full
#   Use 64 bit Java on a 64 bit OS
#   Decrease Java heap size (-Xmx/-Xms)
#   Decrease number of Java threads
#   Decrease Java thread stack sizes (-Xss)
#   Set larger code cache with -XX:ReservedCodeCacheSize=
# This output file may be truncated or incomplete.
#
#  Out of Memory Error (memory/allocation.inline.hpp:61), pid=16796, tid=0x0000000000003c48
#
# JRE version:  (8.0) (build )
# Java VM: OpenJDK 64-Bit Server VM (25.71-b00 mixed mode windows-amd64 compressed oops)
# Failed to write core dump. Minidumps are not enabled by default on client versions of Windows
#

---------------  T H R E A D  ---------------

Current thread (0x00000000027b2800):  JavaThread "Unknown thread" [_thread_in_vm, id=15432, stack(0x00000000026b0000,0x00000000027b0000)]

Stack: [0x00000000026b0000,0x00000000027b0000]
[error occurred during error reporting (printing stack bounds), id 0xc0000005]

Native frames: (J=compiled Java code, j=interpreted, Vv=VM code, C=native code)


---------------  P R O C E S S  ---------------

Java Threads: ( => current thread )

Other Threads:

=>0x00000000027b2800 (exited) JavaThread "Unknown thread" [_thread_in_vm, id=15432, stack(0x00000000026b0000,0x00000000027b0000)]

VM state:not at safepoint (normal execution)

VM Mutex/Monitor currently owned by a thread: None

Heap:
 PSYoungGen      total 35840K, used 614K [0x00000000d8580000, 0x00000000dad80000, 0x0000000100000000)
  eden space 30720K, 2% used [0x00000000d8580000,0x00000000d86199a8,0x00000000da380000)
  from space 5120K, 0% used [0x00000000da880000,0x00000000da880000,0x00000000dad80000)
  to   space 5120K, 0% used [0x00000000da380000,0x00000000da380000,0x00000000da880000)
 ParOldGen       total 81920K, used 0K [0x0000000089000000, 0x000000008e000000, 0x00000000d8580000)
  object space 81920K, 0% used [0x0000000089000000,0x0000000089000000,0x000000008e000000)
 Metaspace       used 777K, capacity 4480K, committed 4480K, reserved 1056768K
  class space    used 74K, capacity 384K, committed 384K, reserved 1048576K

Card table byte_map: [0x0000000011c70000,0x0000000012030000] byte_map_base: 0x0000000011828000

Marking Bits: (ParMarkBitMap*) 0x000000006ee4be50
 Begin Bits: [0x0000000012ab0000, 0x0000000014870000)
 End Bits:   [0x0000000014870000, 0x0000000016630000)

Polling page: 0x0000000002550000

CodeCache: size=245760Kb used=327Kb max_used=327Kb free=245432Kb
 bounds [0x00000000028b0000, 0x0000000002b20000, 0x00000000118b0000]
 total_blobs=56 nmethods=0 adapters=38
 compilation: enabled

Compilation events (0 events):
No events

GC Heap History (0 events):
No events

Deoptimization events (0 events):
No events

Classes redefined (0 events):
No events

Internal exceptions (0 events):
No events

Events (10 events):
Event: 0.015 loading class java/lang/Short
Event: 0.015 loading class java/lang/Short done
Event: 0.015 loading class java/lang/Integer
Event: 0.015 loading class java/lang/Integer done
Event: 0.015 loading class java/lang/Long
Event: 0.015 loading class java/lang/Long done
Event: 0.016 loading class java/lang/NullPointerException
Event: 0.016 loading class java/lang/NullPointerException done
Event: 0.016 loading class java/lang/ArithmeticException
Event: 0.016 loading class java/lang/ArithmeticException done


Dynamic libraries:
0x00007ff691560000 - 0x00007ff691595000 	C:\Program Files\Unity\Hub\Editor\2021.3.16f1\Editor\Data\PlaybackEngines\AndroidPlayer\OpenJDK\bin\java.exe
0x00007fff7c270000 - 0x00007fff7c468000 	C:\Windows\SYSTEM32\ntdll.dll
0x00007fff7a570000 - 0x00007fff7a62f000 	C:\Windows\System32\KERNEL32.DLL
0x00007fff79d80000 - 0x00007fff7a052000 	C:\Windows\System32\KERNELBASE.dll
0x00007fff7b870000 - 0x00007fff7b91e000 	C:\Windows\System32\ADVAPI32.dll
0x00007fff7c0c0000 - 0x00007fff7c15e000 	C:\Windows\System32\msvcrt.dll
0x00007fff7bf30000 - 0x00007fff7bfcc000 	C:\Windows\System32\sechost.dll
0x00007fff7b920000 - 0x00007fff7ba45000 	C:\Windows\System32\RPCRT4.dll
0x00007fff7a7b0000 - 0x00007fff7a94d000 	C:\Windows\System32\USER32.dll
0x00007fff79970000 - 0x00007fff79992000 	C:\Windows\System32\win32u.dll
0x00007fff7b250000 - 0x00007fff7b27b000 	C:\Windows\System32\GDI32.dll
0x00007fff7a1b0000 - 0x00007fff7a2bf000 	C:\Windows\System32\gdi32full.dll
0x00007fff79a30000 - 0x00007fff79acd000 	C:\Windows\System32\msvcp_win.dll
0x00007fff7a060000 - 0x00007fff7a160000 	C:\Windows\System32\ucrtbase.dll
0x00007fff691e0000 - 0x00007fff6947a000 	C:\Windows\WinSxS\amd64_microsoft.windows.common-controls_6595b64144ccf1df_6.0.19041.1110_none_60b5254171f9507e\COMCTL32.dll
0x00007fff7bfd0000 - 0x00007fff7c002000 	C:\Windows\System32\IMM32.DLL
0x0000000070270000 - 0x0000000070342000 	C:\Program Files\Unity\Hub\Editor\2021.3.16f1\Editor\Data\PlaybackEngines\AndroidPlayer\OpenJDK\jre\bin\msvcr100.dll
0x000000006e680000 - 0x000000006eec9000 	C:\Program Files\Unity\Hub\Editor\2021.3.16f1\Editor\Data\PlaybackEngines\AndroidPlayer\OpenJDK\jre\bin\server\jvm.dll
0x00007fff7a560000 - 0x00007fff7a568000 	C:\Windows\System32\PSAPI.DLL
0x00007fff6f7e0000 - 0x00007fff6f807000 	C:\Windows\SYSTEM32\WINMM.dll
0x00007fff72f10000 - 0x00007fff72f1a000 	C:\Windows\SYSTEM32\VERSION.dll
0x00007fff745b0000 - 0x00007fff745b9000 	C:\Windows\SYSTEM32\WSOCK32.dll
0x00007fff7bec0000 - 0x00007fff7bf2b000 	C:\Windows\System32\WS2_32.dll
0x00007fff770a0000 - 0x00007fff770af000 	C:\Program Files\Unity\Hub\Editor\2021.3.16f1\Editor\Data\PlaybackEngines\AndroidPlayer\OpenJDK\jre\bin\verify.dll
0x00007fff2ddd0000 - 0x00007fff2ddf9000 	C:\Program Files\Unity\Hub\Editor\2021.3.16f1\Editor\Data\PlaybackEngines\AndroidPlayer\OpenJDK\jre\bin\java.dll
0x00007fff2ddb0000 - 0x00007fff2ddc6000 	C:\Program Files\Unity\Hub\Editor\2021.3.16f1\Editor\Data\PlaybackEngines\AndroidPlayer\OpenJDK\jre\bin\zip.dll

VM Arguments:
jvm_args: -Dfile.encoding=UTF-8 
java_command: <unknown>
java_class_path (initial): .
Launcher Type: SUN_STANDARD

Environment Variables:
JAVA_HOME=C:\Program Files\Unity\Hub\Editor\2021.3.16f1\Editor\Data\PlaybackEngines\AndroidPlayer\OpenJDK
JAVA_TOOL_OPTIONS=-Dfile.encoding=UTF-8
PATH=C:\ProgramData\Oracle\Java\javapath;C:\Windows\system32;C:\Windows;C:\Windows\System32\Wbem;C:\Windows\System32\WindowsPowerShell\v1.0\;C:\Windows\System32\OpenSSH\;C:\Program Files\NVIDIA Corporation\NVIDIA NvDLISR;C:\Program Files (x86)\NVIDIA Corporation\PhysX\Common;C:\Program Files\Microsoft SQL Server\150\Tools\Binn\;C:\Program Files\Microsoft SQL Server\Client SDK\ODBC\170\Tools\Binn\;C:\Program Files\dotnet\;C:\Program Files\WireGuard\;C:\Program Files\Git\cmd;C:\Users\Elisey\AppData\Local\Microsoft\WindowsApps;C:\Users\Elisey\.dotnet\tools;C:\Users\Elisey\AppData\Local\GitHubDesktop\bin
USERNAME=Elisey
OS=Windows_NT
PROCESSOR_IDENTIFIER=AMD64 Family 23 Model 24 Stepping 1, AuthenticAMD



---------------  S Y S T E M  ---------------

OS: Windows 10.0 , 64 bit Build 19041 (10.0.19041.2251)

CPU:total 8 (initial active 8) (8 cores per cpu, 1 threads per core) family 23 model 24 stepping 1, cmov, cx8, fxsr, mmx, sse, sse2, sse3, ssse3, sse4.1, sse4.2, popcnt, avx, avx2, aes, clmul, mmxext, 3dnowpref, lzcnt, sse4a, tsc, tscinvbit, tscinv, bmi1

Memory: 4k page, physical 7796012k(516324k free), swap 16184620k(5276k free)

vm_info: OpenJDK 64-Bit Server VM (25.71-b00) for windows-amd64 JRE (1.8.0-adoptopenjdk-_2018_05_19_00_59-b00), built on May 19 2018 01:02:12 by "jenkins" with MS VC++ 10.0 (VS2010)

time: Fri Jan 06 18:26:16 2023
elapsed time: 0 seconds (0d 0h 0m 0s)

