#
# There is insufficient memory for the Java Runtime Environment to continue.
# Native memory allocation (malloc) failed to allocate 1048576 bytes for AllocateHeap
# Possible reasons:
#   The system is out of physical RAM or swap space
#   In 32 bit mode, the process size limit was hit
# Possible solutions:
#   Reduce memory load on the system
#   Increase physical memory or swap space
#   Check if swap backing store is full
#   Use 64 bit Java on a 64 bit OS
#   Decrease Java heap size (-Xmx/-Xms)
#   Decrease number of Java threads
#   Decrease Java thread stack sizes (-Xss)
#   Set larger code cache with -XX:ReservedCodeCacheSize=
# This output file may be truncated or incomplete.
#
#  Out of Memory Error (memory/allocation.inline.hpp:61), pid=19564, tid=0x0000000000004838
#
# JRE version:  (8.0) (build )
# Java VM: OpenJDK 64-Bit Server VM (25.71-b00 mixed mode windows-amd64 compressed oops)
# Failed to write core dump. Minidumps are not enabled by default on client versions of Windows
#

---------------  T H R E A D  ---------------

Current thread (0x00000000027d1000):  JavaThread "Unknown thread" [_thread_in_vm, id=18488, stack(0x00000000026d0000,0x00000000027d0000)]

Stack: [0x00000000026d0000,0x00000000027d0000]
[error occurred during error reporting (printing stack bounds), id 0xc0000005]

Native frames: (J=compiled Java code, j=interpreted, Vv=VM code, C=native code)


---------------  P R O C E S S  ---------------

Java Threads: ( => current thread )

Other Threads:

=>0x00000000027d1000 (exited) JavaThread "Unknown thread" [_thread_in_vm, id=18488, stack(0x00000000026d0000,0x00000000027d0000)]

VM state:not at safepoint (normal execution)

VM Mutex/Monitor currently owned by a thread: None

Heap:
 PSYoungGen      total 35840K, used 614K [0x00000000d8580000, 0x00000000dad80000, 0x0000000100000000)
  eden space 30720K, 2% used [0x00000000d8580000,0x00000000d86199a8,0x00000000da380000)
  from space 5120K, 0% used [0x00000000da880000,0x00000000da880000,0x00000000dad80000)
  to   space 5120K, 0% used [0x00000000da380000,0x00000000da380000,0x00000000da880000)
 ParOldGen       total 81920K, used 0K [0x0000000089000000, 0x000000008e000000, 0x00000000d8580000)
  object space 81920K, 0% used [0x0000000089000000,0x0000000089000000,0x000000008e000000)
 Metaspace       used 777K, capacity 4480K, committed 4480K, reserved 1056768K
  class space    used 74K, capacity 384K, committed 384K, reserved 1048576K

Card table byte_map: [0x0000000011c90000,0x0000000012050000] byte_map_base: 0x0000000011848000

Marking Bits: (ParMarkBitMap*) 0x0000000050c4be50
 Begin Bits: [0x0000000012ad0000, 0x0000000014890000)
 End Bits:   [0x0000000014890000, 0x0000000016650000)

Polling page: 0x0000000000d80000

CodeCache: size=245760Kb used=327Kb max_used=327Kb free=245432Kb
 bounds [0x00000000028d0000, 0x0000000002b40000, 0x00000000118d0000]
 total_blobs=56 nmethods=0 adapters=38
 compilation: enabled

Compilation events (0 events):
No events

GC Heap History (0 events):
No events

Deoptimization events (0 events):
No events

Classes redefined (0 events):
No events

Internal exceptions (0 events):
No events

Events (10 events):
Event: 0.043 loading class java/lang/Short
Event: 0.043 loading class java/lang/Short done
Event: 0.043 loading class java/lang/Integer
Event: 0.043 loading class java/lang/Integer done
Event: 0.043 loading class java/lang/Long
Event: 0.043 loading class java/lang/Long done
Event: 0.045 loading class java/lang/NullPointerException
Event: 0.045 loading class java/lang/NullPointerException done
Event: 0.045 loading class java/lang/ArithmeticException
Event: 0.045 loading class java/lang/ArithmeticException done


Dynamic libraries:
0x00007ff652c80000 - 0x00007ff652cb5000 	C:\Program Files\Unity\Hub\Editor\2020.3.40f1\Editor\Data\PlaybackEngines\AndroidPlayer\OpenJDK\bin\java.exe
0x00007ff9b7770000 - 0x00007ff9b7968000 	C:\Windows\SYSTEM32\ntdll.dll
0x00007ff9b7220000 - 0x00007ff9b72df000 	C:\Windows\System32\KERNEL32.DLL
0x00007ff9b5260000 - 0x00007ff9b5532000 	C:\Windows\System32\KERNELBASE.dll
0x00007ff9b6e70000 - 0x00007ff9b6f1e000 	C:\Windows\System32\ADVAPI32.dll
0x00007ff9b73e0000 - 0x00007ff9b747e000 	C:\Windows\System32\msvcrt.dll
0x00007ff9b72e0000 - 0x00007ff9b737c000 	C:\Windows\System32\sechost.dll
0x00007ff9b6f20000 - 0x00007ff9b7045000 	C:\Windows\System32\RPCRT4.dll
0x00007ff9b6bf0000 - 0x00007ff9b6d8d000 	C:\Windows\System32\USER32.dll
0x00007ff9b55e0000 - 0x00007ff9b5602000 	C:\Windows\System32\win32u.dll
0x00007ff9b57c0000 - 0x00007ff9b57eb000 	C:\Windows\System32\GDI32.dll
0x00007ff9b5680000 - 0x00007ff9b578f000 	C:\Windows\System32\gdi32full.dll
0x00007ff9b5540000 - 0x00007ff9b55dd000 	C:\Windows\System32\msvcp_win.dll
0x00007ff9b4e70000 - 0x00007ff9b4f70000 	C:\Windows\System32\ucrtbase.dll
0x00007ff9a45e0000 - 0x00007ff9a487a000 	C:\Windows\WinSxS\amd64_microsoft.windows.common-controls_6595b64144ccf1df_6.0.19041.1110_none_60b5254171f9507e\COMCTL32.dll
0x00007ff9b6b90000 - 0x00007ff9b6bc2000 	C:\Windows\System32\IMM32.DLL
0x0000000052070000 - 0x0000000052142000 	C:\Program Files\Unity\Hub\Editor\2020.3.40f1\Editor\Data\PlaybackEngines\AndroidPlayer\OpenJDK\jre\bin\msvcr100.dll
0x0000000050480000 - 0x0000000050cc9000 	C:\Program Files\Unity\Hub\Editor\2020.3.40f1\Editor\Data\PlaybackEngines\AndroidPlayer\OpenJDK\jre\bin\server\jvm.dll
0x00007ff9b5e90000 - 0x00007ff9b5e98000 	C:\Windows\System32\PSAPI.DLL
0x00007ff9b17f0000 - 0x00007ff9b17f9000 	C:\Windows\SYSTEM32\WSOCK32.dll
0x00007ff9ae130000 - 0x00007ff9ae13a000 	C:\Windows\SYSTEM32\VERSION.dll
0x00007ff9aa9a0000 - 0x00007ff9aa9c7000 	C:\Windows\SYSTEM32\WINMM.dll
0x00007ff9b6a90000 - 0x00007ff9b6afb000 	C:\Windows\System32\WS2_32.dll
0x00007ff9ae7a0000 - 0x00007ff9ae7af000 	C:\Program Files\Unity\Hub\Editor\2020.3.40f1\Editor\Data\PlaybackEngines\AndroidPlayer\OpenJDK\jre\bin\verify.dll
0x00007ff99f490000 - 0x00007ff99f4b9000 	C:\Program Files\Unity\Hub\Editor\2020.3.40f1\Editor\Data\PlaybackEngines\AndroidPlayer\OpenJDK\jre\bin\java.dll
0x00007ff9ad020000 - 0x00007ff9ad036000 	C:\Program Files\Unity\Hub\Editor\2020.3.40f1\Editor\Data\PlaybackEngines\AndroidPlayer\OpenJDK\jre\bin\zip.dll

VM Arguments:
java_command: <unknown>
java_class_path (initial): .
Launcher Type: SUN_STANDARD

Environment Variables:
JAVA_HOME=C:/Program Files/Unity/Hub/Editor/2020.3.40f1/Editor/Data/PlaybackEngines/AndroidPlayer\OpenJDK
PATH=C:\ProgramData\Oracle\Java\javapath;C:\Windows\system32;C:\Windows;C:\Windows\System32\Wbem;C:\Windows\System32\WindowsPowerShell\v1.0\;C:\Windows\System32\OpenSSH\;C:\Program Files\NVIDIA Corporation\NVIDIA NvDLISR;C:\Program Files (x86)\NVIDIA Corporation\PhysX\Common;C:\Program Files\Microsoft SQL Server\150\Tools\Binn\;C:\Program Files\Microsoft SQL Server\Client SDK\ODBC\170\Tools\Binn\;C:\Program Files\dotnet\;C:\Program Files\WireGuard\;C:\Program Files\Git\cmd;C:\Users\Elisey\AppData\Local\Microsoft\WindowsApps;C:\Users\Elisey\.dotnet\tools;C:\Users\Elisey\AppData\Local\GitHubDesktop\bin
USERNAME=Elisey
OS=Windows_NT
PROCESSOR_IDENTIFIER=AMD64 Family 23 Model 24 Stepping 1, AuthenticAMD



---------------  S Y S T E M  ---------------

OS: Windows 10.0 , 64 bit Build 19041 (10.0.19041.2251)

CPU:total 8 (initial active 8) (8 cores per cpu, 1 threads per core) family 23 model 24 stepping 1, cmov, cx8, fxsr, mmx, sse, sse2, sse3, ssse3, sse4.1, sse4.2, popcnt, avx, avx2, aes, clmul, mmxext, 3dnowpref, lzcnt, sse4a, tsc, tscinvbit, tscinv, bmi1

Memory: 4k page, physical 7796012k(255272k free), swap 16184620k(5972k free)

vm_info: OpenJDK 64-Bit Server VM (25.71-b00) for windows-amd64 JRE (1.8.0-adoptopenjdk-_2018_05_19_00_59-b00), built on May 19 2018 01:02:12 by "jenkins" with MS VC++ 10.0 (VS2010)

time: Thu Dec 29 23:12:46 2022
elapsed time: 0 seconds (0d 0h 0m 0s)

